<?xml version="1.0" encoding="UTF-8"?>
<!-- Generated by org.testng.reporters.JUnitReportReporter -->
<testsuite hostname="KSR" failures="0" tests="1" name="TestNG.ReadDataFromExcel" time="22.804" errors="0" timestamp="2022-09-28T20:06:04 IST" skipped="0">
  <testcase classname="TestNG.ReadDataFromExcel" name="loginValidation" time="22.804"/>
  <system-out/>
</testsuite> <!-- TestNG.ReadDataFromExcel -->
