<?xml version="1.0" encoding="UTF-8"?>
<!-- Generated by org.testng.reporters.JUnitReportReporter -->
<testsuite hostname="KSR" failures="0" tests="3" name="TestNG.TestNg_Annotation_Uses" time="4.648" errors="0" timestamp="2022-09-22T20:39:07 IST" skipped="0">
  <testcase classname="TestNG.TestNg_Annotation_Uses" name="B_UrlTest" time="1.402"/>
  <system-out/>
  <testcase classname="TestNG.TestNg_Annotation_Uses" name="A_lrtTest" time="3.243"/>
  <system-out/>
  <testcase classname="TestNG.TestNg_Annotation_Uses" name="Test_Check" time="0.003"/>
  <system-out/>
</testsuite> <!-- TestNG.TestNg_Annotation_Uses -->
