<?xml version="1.0" encoding="UTF-8"?>
<!-- Generated by org.testng.reporters.JUnitReportReporter -->
<testsuite hostname="KSR" failures="0" tests="3" name="TestNG.TestNg_Annotation_Order" time="0.015" errors="0" timestamp="2022-09-22T20:39:07 IST" skipped="0">
  <testcase classname="TestNG.TestNg_Annotation_Order" name="B_UrlTest" time="0.009"/>
  <system-out/>
  <testcase classname="TestNG.TestNg_Annotation_Order" name="A_lrtTest" time="0.003"/>
  <system-out/>
  <testcase classname="TestNG.TestNg_Annotation_Order" name="Test_Check" time="0.003"/>
  <system-out/>
</testsuite> <!-- TestNG.TestNg_Annotation_Order -->
