<?xml version="1.0" encoding="UTF-8"?>
<!-- Generated by org.testng.reporters.JUnitReportReporter -->
<testsuite hostname="KSR" failures="0" tests="10" name="TestNG.Different_Parameters_TestMethod" time="0.026" errors="0" timestamp="2022-09-28T20:22:37 IST" skipped="0">
  <testcase classname="TestNG.Different_Parameters_TestMethod" name="Login" time="0.010"/>
  <system-out/>
  <testcase classname="TestNG.Different_Parameters_TestMethod" name="Login" time="0.001"/>
  <system-out/>
  <testcase classname="TestNG.Different_Parameters_TestMethod" name="Login" time="0.001"/>
  <system-out/>
  <testcase classname="TestNG.Different_Parameters_TestMethod" name="Login" time="0.001"/>
  <system-out/>
  <testcase classname="TestNG.Different_Parameters_TestMethod" name="Login" time="0.002"/>
  <system-out/>
  <testcase classname="TestNG.Different_Parameters_TestMethod" name="Login" time="0.001"/>
  <system-out/>
  <testcase classname="TestNG.Different_Parameters_TestMethod" name="Login" time="0.001"/>
  <system-out/>
  <testcase classname="TestNG.Different_Parameters_TestMethod" name="Login" time="0.004"/>
  <system-out/>
  <testcase classname="TestNG.Different_Parameters_TestMethod" name="Login" time="0.003"/>
  <system-out/>
  <testcase classname="TestNG.Different_Parameters_TestMethod" name="Login" time="0.002"/>
  <system-out/>
</testsuite> <!-- TestNG.Different_Parameters_TestMethod -->
