<?xml version="1.0" encoding="UTF-8"?>
<!-- Generated by org.testng.reporters.JUnitReportReporter -->
<testsuite hostname="KSR" failures="0" tests="3" name="TestNG.DataProvider_Concept" time="81.952" errors="0" timestamp="2022-09-27T21:43:06 IST" skipped="0">
  <testcase classname="TestNG.DataProvider_Concept" name="loginValidation" time="9.063"/>
  <system-out/>
  <testcase classname="TestNG.DataProvider_Concept" name="loginValidation" time="63.479"/>
  <system-out/>
  <testcase classname="TestNG.DataProvider_Concept" name="loginValidation" time="9.410"/>
  <system-out/>
</testsuite> <!-- TestNG.DataProvider_Concept -->
